p/coca-cola_90_bilateral_76.jpg 1 0 0 800 800
p/coca-cola_90_RGB_76.jpg 1 0 0 800 800
p/coca-cola_90_rotation_76.jpg 1 0 0 800 800
p/coca-cola_90_horizontal_flip_76.jpg 1 0 0 800 800
p/coca-cola_85_rotation_74.jpg 1 0 0 1200 1200
p/coca-cola_82_bilateral_72.jpg 1 0 0 800 800
p/coca-cola_82_RGB_72.jpg 1 0 0 800 800
p/coca-cola_82_rotation_72.jpg 1 0 0 800 800
p/coca-cola_82_horizontal_flip_72.jpg 1 0 0 800 800
p/coca-cola_8_RGB_71.jpg 1 0 0 209 698
p/coca-cola_8_bilateral_71.jpg 1 0 0 209 698
p/coca-cola_8_rotation_71.jpg 1 0 0 209 698
p/coca-cola_8_horizontal_flip_71.jpg 1 0 0 209 698
p/coca-cola_79_rotation_70.jpg 1 0 0 598 336
p/coca-cola_77_RGB_68.jpg 1 0 0 580 580
p/coca-cola_77_horizontal_flip_68.jpg 1 0 0 580 580
p/coca-cola_77_rotation_68.jpg 1 0 0 580 580
p/coca-cola_6_rotation_57.jpg 1 0 0 400 400
p/coca-cola_44_bilateral_51.jpg 1 0 0 414 640
p/coca-cola_41_rotation_50.jpg 1 0 0 220 550
p/coca-cola_4_bilateral_49.jpg 1 0 0 1186 2180
p/coca-cola_4_RGB_49.jpg 1 0 0 1186 2180
p/coca-cola_4_rotation_49.jpg 1 0 0 1186 2180
p/coca-cola_4_horizontal_flip_49.jpg 1 0 0 1186 2180
p/coca-cola_3_rotation_47.jpg 1 0 0 1000 1000
p/coca-cola_29_RGB_46.jpg 1 0 0 270 450
p/coca-cola_29_bilateral_46.jpg 1 0 0 270 450
p/coca-cola_29_horizontal_flip_46.jpg 1 0 0 270 450
p/coca-cola_29_rotation_46.jpg 1 0 0 270 450
p/coca-cola_26_rotation_45.jpg 1 0 0 270 450
p/coca-cola_23_RGB_43.jpg 1 0 0 600 600
p/coca-cola_23_bilateral_43.jpg 1 0 0 600 600
p/coca-cola_23_rotation_43.jpg 1 0 0 600 600
p/coca-cola_23_horizontal_flip_43.jpg 1 0 0 600 600
p/coca-cola_22_rotation_42.jpg 1 0 0 800 800
p/coca-cola_17_RGB_33.jpg 1 0 0 800 800
p/coca-cola_17_bilateral_33.jpg 1 0 0 800 800
p/coca-cola_17_rotation_33.jpg 1 0 0 800 800
p/coca-cola_17_horizontal_flip_33.jpg 1 0 0 800 800
p/coca-cola_16_rotation_29.jpg 1 0 0 1280 1280
p/coca-cola_155_bilateral_27.jpg 1 0 0 1280 1280
p/coca-cola_153_rotation_26.jpg 1 0 0 800 800
p/coca-cola_149_RGB_23.jpg 1 0 0 209 698
p/coca-cola_149_bilateral_23.jpg 1 0 0 209 698
p/coca-cola_149_horizontal_flip_23.jpg 1 0 0 209 698
p/coca-cola_149_rotation_23.jpg 1 0 0 209 698
p/coca-cola_148_rotation_22.jpg 1 0 0 580 580
p/coca-cola_144_RGB_20.jpg 1 0 0 400 400
p/coca-cola_144_bilateral_20.jpg 1 0 0 400 400
p/coca-cola_144_rotation_20.jpg 1 0 0 400 400
p/coca-cola_144_horizontal_flip_20.jpg 1 0 0 400 400
p/coca-cola_143_rotation_19.jpg 1 0 0 679 679
p/coca-cola_141_bilateral_17.jpg 1 0 0 1000 1000
p/coca-cola_141_RGB_17.jpg 1 0 0 1000 1000
p/coca-cola_141_rotation_17.jpg 1 0 0 1000 1000
p/coca-cola_141_horizontal_flip_17.jpg 1 0 0 1000 1000
p/coca-cola_140_rotation_16.jpg 1 0 0 1500 1500
p/coca-cola_14_bilateral_15.jpg 1 0 0 800 800
p/coca-cola_14_RGB_15.jpg 1 0 0 800 800
p/coca-cola_14_rotation_15.jpg 1 0 0 800 800
p/coca-cola_14_horizontal_flip_15.jpg 1 0 0 800 800
p/coca-cola_137_bilateral_13.jpg 1 0 0 1200 2128
p/coca-cola_137_RGB_13.jpg 1 0 0 1200 2128
p/coca-cola_137_rotation_13.jpg 1 0 0 1200 2128
p/coca-cola_137_horizontal_flip_13.jpg 1 0 0 1200 2128
p/coca-cola_135_rotation_12.jpg 1 0 0 600 900
p/coca-cola_13_rotation_10.jpg 1 0 0 800 800
p/coca-cola_129_RGB_9.jpg 1 0 0 780 780
p/coca-cola_129_rotation_9.jpg 1 0 0 780 780
p/coca-cola_129_horizontal_flip_9.jpg 1 0 0 780 780
p/coca-cola_11_bilateral_2.jpg 1 0 0 580 580
p/coca-cola_11_RGB_2.jpg 1 0 0 580 580
p/coca-cola_11_horizontal_flip_2.jpg 1 0 0 580 580
p/coca-cola_11_rotation_2.jpg 1 0 0 580 580
p/coca-cola_10_rotation_1.jpg 1 0 0 580 580
p/coca-cola_155.png 1 0 0 1280 1280
p/coca-cola_149.png 1 0 0 209 698
p/coca-cola_144.jpeg 1 0 0 400 400
p/coca-cola_141.jpeg 1 0 0 1000 1000
p/coca-cola_137.jpeg 1 0 0 1200 2128
p/coca-cola_90.jpeg 1 0 0 800 800
p/coca-cola_82.jpeg 1 0 0 800 800
p/coca-cola_44.jpeg 1 0 0 414 640
p/coca-cola_29.png 1 0 0 270 450
p/coca-cola_23.jpeg 1 0 0 600 600
p/coca-cola_14.jpeg 1 0 0 800 800
p/coca-cola_4.jpeg 1 0 0 1186 2180
p/coca-cola_17.jpeg 1 0 0 800 800
p/coca-cola_11.jpeg 1 0 0 580 580
p/coca-cola_8.png 1 0 0 209 698